<?xml version="1.0" encoding="UTF-8"?>
<!-- Generated by org.testng.reporters.JUnitXMLReporter -->
<testsuite ignored="0" hostname="Admin-PC" failures="2" tests="2" name="Command line test" time="1.019" errors="0" timestamp="2020-01-02T16:59:02 EET">
  <testcase classname="EPAM.config.BaseTest" name="@AfterTest BrowserClose" time="0.001">
    <failure type="java.lang.NullPointerException">
      <![CDATA[java.lang.NullPointerException
at EPAM.config.BaseTest.BrowserClose(BaseTest.java:26)
... Removed 34 stack frames]]>
    </failure>
  </testcase> <!-- @AfterTest BrowserClose -->
  <testcase classname="io.cucumber.testng.AbstractTestNGCucumberTests" name="runScenario" time="0.419">
    <failure type="java.lang.NullPointerException">
      <![CDATA[java.lang.NullPointerException
at EPAM.config.BaseTest.openPage(BaseTest.java:32)
at EPAM.tasks.CheckTitle.openGoogle(CheckTitle.java:18)
at ✽.Open https://www.google.com/(file:///C:/Users/Admin/IdeaProjects/TestTaskEpam/TestTask/src/test/java/EPAM/features/checkDomain.feature:5)
]]>
    </failure>
  </testcase> <!-- runScenario -->
  <testcase classname="io.cucumber.testng.AbstractTestNGCucumberTests" name="runScenario" time="0.015">
    <failure type="java.lang.NullPointerException">
      <![CDATA[java.lang.NullPointerException
at EPAM.config.BaseTest.openPage(BaseTest.java:32)
at EPAM.tasks.CheckTitle.openGoogle(CheckTitle.java:18)
at ✽.Open https://www.google.com/(file:///C:/Users/Admin/IdeaProjects/TestTaskEpam/TestTask/src/test/java/EPAM/features/checkTitle.feature:5)
]]>
    </failure>
  </testcase> <!-- runScenario -->
</testsuite> <!-- Command line test -->
