<?xml version="1.0" encoding="UTF-8"?>
<testng-results ignored="0" total="2" passed="0" failed="2" skipped="0">
  <reporter-output>
  </reporter-output>
  <suite started-at="2020-01-02T16:59:01 EET" name="Command line suite" finished-at="2020-01-02T16:59:02 EET" duration-ms="1019">
    <groups>
      <group name="cucumber">
        <method signature="AbstractTestNGCucumberTests.runScenario(io.cucumber.testng.PickleWrapper, io.cucumber.testng.FeatureWrapper)[pri:0, instance:EPAM.testrunner.TestRunner@5bc9ba1d]" name="runScenario" class="io.cucumber.testng.AbstractTestNGCucumberTests"/>
      </group> <!-- cucumber -->
    </groups>
    <test started-at="2020-01-02T16:59:01 EET" name="Command line test" finished-at="2020-01-02T16:59:02 EET" duration-ms="1019">
      <class name="EPAM.testrunner.TestRunner">
        <test-method is-config="true" signature="setUpClass()[pri:0, instance:EPAM.testrunner.TestRunner@5bc9ba1d]" started-at="2020-01-02T16:59:01 EET" name="setUpClass" finished-at="2020-01-02T16:59:01 EET" duration-ms="173" status="PASS">
          <reporter-output>
          </reporter-output>
        </test-method> <!-- setUpClass -->
        <test-method signature="runScenario(io.cucumber.testng.PickleWrapper, io.cucumber.testng.FeatureWrapper)[pri:0, instance:EPAM.testrunner.TestRunner@5bc9ba1d]" started-at="2020-01-02T16:59:02 EET" name="runScenario" description="Runs Cucumber Scenarios" data-provider="scenarios" finished-at="2020-01-02T16:59:02 EET" duration-ms="419" status="FAIL">
          <params>
            <param index="0">
              <value>
                <![CDATA["Check domain on pages 1-5 in google search"]]>
              </value>
            </param>
            <param index="1">
              <value>
                <![CDATA["Check if expected domain present on first 5 pages of search results"]]>
              </value>
            </param>
          </params>
          <exception class="java.lang.NullPointerException">
            <full-stacktrace>
              <![CDATA[java.lang.NullPointerException
at EPAM.config.BaseTest.openPage(BaseTest.java:32)
at EPAM.tasks.CheckTitle.openGoogle(CheckTitle.java:18)
at ✽.Open https://www.google.com/(file:///C:/Users/Admin/IdeaProjects/TestTaskEpam/TestTask/src/test/java/EPAM/features/checkDomain.feature:5)
]]>
            </full-stacktrace>
          </exception> <!-- java.lang.NullPointerException -->
          <reporter-output>
          </reporter-output>
        </test-method> <!-- runScenario -->
        <test-method signature="runScenario(io.cucumber.testng.PickleWrapper, io.cucumber.testng.FeatureWrapper)[pri:0, instance:EPAM.testrunner.TestRunner@5bc9ba1d]" started-at="2020-01-02T16:59:02 EET" name="runScenario" description="Runs Cucumber Scenarios" data-provider="scenarios" finished-at="2020-01-02T16:59:02 EET" duration-ms="15" status="FAIL">
          <params>
            <param index="0">
              <value>
                <![CDATA["Check title of first link opened in google search"]]>
              </value>
            </param>
            <param index="1">
              <value>
                <![CDATA["Check if title on first opened page equals expected title"]]>
              </value>
            </param>
          </params>
          <exception class="java.lang.NullPointerException">
            <full-stacktrace>
              <![CDATA[java.lang.NullPointerException
at EPAM.config.BaseTest.openPage(BaseTest.java:32)
at EPAM.tasks.CheckTitle.openGoogle(CheckTitle.java:18)
at ✽.Open https://www.google.com/(file:///C:/Users/Admin/IdeaProjects/TestTaskEpam/TestTask/src/test/java/EPAM/features/checkTitle.feature:5)
]]>
            </full-stacktrace>
          </exception> <!-- java.lang.NullPointerException -->
          <reporter-output>
          </reporter-output>
        </test-method> <!-- runScenario -->
        <test-method is-config="true" signature="tearDownClass()[pri:0, instance:EPAM.testrunner.TestRunner@5bc9ba1d]" started-at="2020-01-02T16:59:02 EET" name="tearDownClass" finished-at="2020-01-02T16:59:02 EET" duration-ms="13" status="PASS">
          <reporter-output>
          </reporter-output>
        </test-method> <!-- tearDownClass -->
      </class> <!-- EPAM.testrunner.TestRunner -->
      <class name="EPAM.config.BaseTest">
        <test-method is-config="true" signature="BrowserClose()[pri:0, instance:EPAM.config.BaseTest@5e81e5ac]" started-at="2020-01-02T16:59:02 EET" name="BrowserClose" finished-at="2020-01-02T16:59:02 EET" duration-ms="1" status="FAIL">
          <exception class="java.lang.NullPointerException">
            <full-stacktrace>
              <![CDATA[java.lang.NullPointerException
at EPAM.config.BaseTest.BrowserClose(BaseTest.java:26)
at java.base/jdk.internal.reflect.NativeMethodAccessorImpl.invoke0(Native Method)
at java.base/jdk.internal.reflect.NativeMethodAccessorImpl.invoke(NativeMethodAccessorImpl.java:62)
at java.base/jdk.internal.reflect.DelegatingMethodAccessorImpl.invoke(DelegatingMethodAccessorImpl.java:43)
at java.base/java.lang.reflect.Method.invoke(Method.java:566)
at org.testng.internal.MethodInvocationHelper.invokeMethod(MethodInvocationHelper.java:133)
at org.testng.internal.MethodInvocationHelper.invokeMethodConsideringTimeout(MethodInvocationHelper.java:62)
at org.testng.internal.ConfigInvoker.invokeConfigurationMethod(ConfigInvoker.java:340)
at org.testng.internal.ConfigInvoker.invokeConfigurations(ConfigInvoker.java:294)
at org.testng.TestRunner.invokeTestConfigurations(TestRunner.java:623)
at org.testng.TestRunner.afterRun(TestRunner.java:853)
at org.testng.TestRunner.run(TestRunner.java:594)
at org.testng.SuiteRunner.runTest(SuiteRunner.java:402)
at org.testng.SuiteRunner.runSequentially(SuiteRunner.java:396)
at org.testng.SuiteRunner.privateRun(SuiteRunner.java:355)
at org.testng.SuiteRunner.run(SuiteRunner.java:304)
at org.testng.SuiteRunnerWorker.runSuite(SuiteRunnerWorker.java:53)
at org.testng.SuiteRunnerWorker.run(SuiteRunnerWorker.java:96)
at org.testng.TestNG.runSuitesSequentially(TestNG.java:1180)
at org.testng.TestNG.runSuitesLocally(TestNG.java:1102)
at org.testng.TestNG.runSuites(TestNG.java:1032)
at org.testng.TestNG.run(TestNG.java:1000)
at org.apache.maven.surefire.testng.TestNGExecutor.run(TestNGExecutor.java:77)
at org.apache.maven.surefire.testng.TestNGDirectoryTestSuite.executeMulti(TestNGDirectoryTestSuite.java:159)
at org.apache.maven.surefire.testng.TestNGDirectoryTestSuite.execute(TestNGDirectoryTestSuite.java:99)
at org.apache.maven.surefire.testng.TestNGProvider.invoke(TestNGProvider.java:106)
at java.base/jdk.internal.reflect.NativeMethodAccessorImpl.invoke0(Native Method)
at java.base/jdk.internal.reflect.NativeMethodAccessorImpl.invoke(NativeMethodAccessorImpl.java:62)
at java.base/jdk.internal.reflect.DelegatingMethodAccessorImpl.invoke(DelegatingMethodAccessorImpl.java:43)
at java.base/java.lang.reflect.Method.invoke(Method.java:566)
at org.apache.maven.surefire.util.ReflectionUtils.invokeMethodWithArray(ReflectionUtils.java:189)
at org.apache.maven.surefire.booter.ProviderFactory$ProviderProxy.invoke(ProviderFactory.java:165)
at org.apache.maven.surefire.booter.ProviderFactory.invokeProvider(ProviderFactory.java:85)
at org.apache.maven.surefire.booter.ForkedBooter.runSuitesInProcess(ForkedBooter.java:115)
at org.apache.maven.surefire.booter.ForkedBooter.main(ForkedBooter.java:75)
]]>
            </full-stacktrace>
          </exception> <!-- java.lang.NullPointerException -->
          <reporter-output>
          </reporter-output>
        </test-method> <!-- BrowserClose -->
      </class> <!-- EPAM.config.BaseTest -->
    </test> <!-- Command line test -->
  </suite> <!-- Command line suite -->
</testng-results>
